[debug] [2026-01-17T17:17:53.876Z] ----------------------------------------------------------------------
[debug] [2026-01-17T17:17:53.878Z] Command:       C:\Program Files\nodejs\node_modules\nodejs\node.exe C:\Users\malfayoumi\AppData\Roaming\npm\node_modules\firebase-tools\lib\bin\firebase.js deploy
[debug] [2026-01-17T17:17:53.878Z] CLI Version:   15.3.1
[debug] [2026-01-17T17:17:53.878Z] Platform:      win32
[debug] [2026-01-17T17:17:53.878Z] Node Version:  v22.19.0
[debug] [2026-01-17T17:17:53.879Z] Time:          Sat Jan 17 2026 20:17:53 GMT+0300 (GMT+03:00)
[debug] [2026-01-17T17:17:53.879Z] ----------------------------------------------------------------------
[debug] 
[debug] [2026-01-17T17:17:53.881Z] >>> [apiv2][query] GET https://firebase-public.firebaseio.com/cli.json [none]
[debug] [2026-01-17T17:18:29.005Z] > command requires scopes: ["email","openid","https://www.googleapis.com/auth/cloudplatformprojects.readonly","https://www.googleapis.com/auth/firebase","https://www.googleapis.com/auth/cloud-platform"]
[debug] [2026-01-17T17:18:29.005Z] > authorizing via signed-in user (mamo.faiyumi1998@gmail.com)
[debug] [2026-01-17T17:18:29.005Z] [iam] checking project sarah-bakery for permissions ["datastore.indexes.create","datastore.indexes.delete","datastore.indexes.list","datastore.indexes.update","firebase.projects.get","firebasehosting.sites.update"]
[debug] [2026-01-17T17:18:29.006Z] Checked if tokens are valid: false, expires at: 1768051323695
[debug] [2026-01-17T17:18:29.006Z] Checked if tokens are valid: false, expires at: 1768051323695
[debug] [2026-01-17T17:18:29.007Z] > refreshing access token with scopes: []
[debug] [2026-01-17T17:18:29.008Z] >>> [apiv2][query] POST https://www.googleapis.com/oauth2/v3/token [none]
[debug] [2026-01-17T17:18:29.008Z] >>> [apiv2][body] POST https://www.googleapis.com/oauth2/v3/token [omitted]
[debug] [2026-01-17T17:18:29.248Z] <<< [apiv2][status] POST https://www.googleapis.com/oauth2/v3/token 200
[debug] [2026-01-17T17:18:29.248Z] <<< [apiv2][body] POST https://www.googleapis.com/oauth2/v3/token [omitted]
[debug] [2026-01-17T17:18:29.281Z] >>> [apiv2][query] POST https://cloudresourcemanager.googleapis.com/v1/projects/sarah-bakery:testIamPermissions [none]
[debug] [2026-01-17T17:18:29.282Z] >>> [apiv2][(partial)header] POST https://cloudresourcemanager.googleapis.com/v1/projects/sarah-bakery:testIamPermissions x-goog-quota-user=projects/sarah-bakery
[debug] [2026-01-17T17:18:29.282Z] >>> [apiv2][body] POST https://cloudresourcemanager.googleapis.com/v1/projects/sarah-bakery:testIamPermissions {"permissions":["datastore.indexes.create","datastore.indexes.delete","datastore.indexes.list","datastore.indexes.update","firebase.projects.get","firebasehosting.sites.update"]}
[debug] [2026-01-17T17:18:29.408Z] <<< [apiv2][status] GET https://firebase-public.firebaseio.com/cli.json 200
[debug] [2026-01-17T17:18:29.408Z] <<< [apiv2][body] GET https://firebase-public.firebaseio.com/cli.json {"cloudBuildErrorAfter":1594252800000,"cloudBuildWarnAfter":1590019200000,"defaultNode10After":1594252800000,"minVersion":"3.0.5","node8DeploysDisabledAfter":1613390400000,"node8RuntimeDisabledAfter":1615809600000,"node8WarnAfter":1600128000000}
[debug] [2026-01-17T17:18:30.294Z] <<< [apiv2][status] POST https://cloudresourcemanager.googleapis.com/v1/projects/sarah-bakery:testIamPermissions 200
[debug] [2026-01-17T17:18:30.294Z] <<< [apiv2][body] POST https://cloudresourcemanager.googleapis.com/v1/projects/sarah-bakery:testIamPermissions {}
[debug] [2026-01-17T17:18:30.294Z] [iam] error while checking permissions, command may fail: Authorization failed. This account is missing the following required permissions on project sarah-bakery:

  datastore.indexes.create
  datastore.indexes.delete
  datastore.indexes.list
  datastore.indexes.update
  firebase.projects.get
  firebasehosting.sites.update
[debug] [2026-01-17T17:18:30.295Z] Checked if tokens are valid: true, expires at: 1768673908248
[debug] [2026-01-17T17:18:30.295Z] Checked if tokens are valid: true, expires at: 1768673908248
[debug] [2026-01-17T17:18:30.295Z] >>> [apiv2][query] GET https://firebase.googleapis.com/v1beta1/projects/sarah-bakery [none]
[debug] [2026-01-17T17:18:30.703Z] <<< [apiv2][status] GET https://firebase.googleapis.com/v1beta1/projects/sarah-bakery 403
[debug] [2026-01-17T17:18:30.704Z] <<< [apiv2][body] GET https://firebase.googleapis.com/v1beta1/projects/sarah-bakery {"error":{"code":403,"message":"The caller does not have permission","status":"PERMISSION_DENIED"}}
[debug] [2026-01-17T17:18:30.704Z] Request to https://firebase.googleapis.com/v1beta1/projects/sarah-bakery had HTTP Error: 403, The caller does not have permission
[debug] [2026-01-17T17:18:30.705Z] FirebaseError: Request to https://firebase.googleapis.com/v1beta1/projects/sarah-bakery had HTTP Error: 403, The caller does not have permission
    at responseToError (C:\Users\malfayoumi\AppData\Roaming\npm\node_modules\firebase-tools\lib\responseToError.js:53:12)
    at RetryOperation._fn (C:\Users\malfayoumi\AppData\Roaming\npm\node_modules\firebase-tools\lib\apiv2.js:320:77)
    at process.processTicksAndRejections (node:internal/process/task_queues:105:5)
[error] 
[error] Error: Failed to get Firebase project sarah-bakery. Please make sure the project exists and your account has permission to access it.
